<?xml version="1.0" encoding="UTF-8"?>
<!-- Generated by org.testng.reporters.JUnitReportReporter -->
<testsuite hostname="DESKTOP-SN1OIOD" failures="0" tests="1" name="com.redbusTests.Test1" time="0.744" errors="0" timestamp="2023-03-11T22:54:16 IST" skipped="0">
  <testcase classname="com.redbusTests.Test1" name="logintoApp" time="0.744"/>
  <system-out/>
</testsuite> <!-- com.redbusTests.Test1 -->
